c:\users\conne\onedrive - staffordshire university\mariobaseproject - new\mariobaseproject\debug\vc142.pdb
c:\users\conne\onedrive - staffordshire university\mariobaseproject - new\mariobaseproject\debug\vc142.idb
c:\users\conne\onedrive - staffordshire university\mariobaseproject - new\mariobaseproject\debug\source.obj
c:\users\conne\onedrive - staffordshire university\mariobaseproject - new\mariobaseproject\debug\soundeffects.obj
c:\users\conne\onedrive - staffordshire university\mariobaseproject - new\mariobaseproject\debug\powerblock.obj
c:\users\conne\onedrive - staffordshire university\mariobaseproject - new\mariobaseproject\debug\powblock.obj
c:\users\conne\onedrive - staffordshire university\mariobaseproject - new\mariobaseproject\debug\levelmap.obj
c:\users\conne\onedrive - staffordshire university\mariobaseproject - new\mariobaseproject\debug\levelloader.obj
c:\users\conne\onedrive - staffordshire university\mariobaseproject - new\mariobaseproject\debug\level3.obj
c:\users\conne\onedrive - staffordshire university\mariobaseproject - new\mariobaseproject\debug\level2.obj
c:\users\conne\onedrive - staffordshire university\mariobaseproject - new\mariobaseproject\debug\gamescreenmanager.obj
c:\users\conne\onedrive - staffordshire university\mariobaseproject - new\mariobaseproject\debug\gamescreenlevel1.obj
c:\users\conne\onedrive - staffordshire university\mariobaseproject - new\mariobaseproject\debug\gamescreen.obj
c:\users\conne\onedrive - staffordshire university\mariobaseproject - new\mariobaseproject\debug\collisions.obj
c:\users\conne\onedrive - staffordshire university\mariobaseproject - new\mariobaseproject\debug\coin.obj
c:\users\conne\onedrive - staffordshire university\mariobaseproject - new\mariobaseproject\debug\charactermario.obj
c:\users\conne\onedrive - staffordshire university\mariobaseproject - new\mariobaseproject\debug\characterkoopa.obj
c:\users\conne\onedrive - staffordshire university\mariobaseproject - new\mariobaseproject\debug\character.obj
c:\users\conne\onedrive - staffordshire university\mariobaseproject - new\mariobaseproject\debug\camera.obj
c:\users\conne\onedrive - staffordshire university\mariobaseproject - new\mariobaseproject\debug\blockcollider3.obj
c:\users\conne\onedrive - staffordshire university\mariobaseproject - new\mariobaseproject\debug\blockcollider2.obj
c:\users\conne\onedrive - staffordshire university\mariobaseproject - new\mariobaseproject\debug\blockcollider.obj
c:\users\conne\onedrive - staffordshire university\mariobaseproject - new\mariobaseproject\debug\texture2d.obj
c:\users\conne\onedrive - staffordshire university\mariobaseproject - new\debug\mariobaseproject.exe
c:\users\conne\onedrive - staffordshire university\mariobaseproject - new\debug\mariobaseproject.ilk
c:\users\conne\onedrive - staffordshire university\mariobaseproject - new\debug\mariobaseproject.pdb
c:\users\conne\onedrive - staffordshire university\mariobaseproject - new\mariobaseproject\debug\mariobaseproject.tlog\cl.command.1.tlog
c:\users\conne\onedrive - staffordshire university\mariobaseproject - new\mariobaseproject\debug\mariobaseproject.tlog\cl.read.1.tlog
c:\users\conne\onedrive - staffordshire university\mariobaseproject - new\mariobaseproject\debug\mariobaseproject.tlog\cl.write.1.tlog
c:\users\conne\onedrive - staffordshire university\mariobaseproject - new\mariobaseproject\debug\mariobaseproject.tlog\link.command.1.tlog
c:\users\conne\onedrive - staffordshire university\mariobaseproject - new\mariobaseproject\debug\mariobaseproject.tlog\link.read.1.tlog
c:\users\conne\onedrive - staffordshire university\mariobaseproject - new\mariobaseproject\debug\mariobaseproject.tlog\link.write.1.tlog
